[debug] [2021-12-30T05:50:02.132Z] ----------------------------------------------------------------------
[debug] [2021-12-30T05:50:02.133Z] Command:       /Users/sakaguchikentaro/.nvm/versions/node/v16.6.0/bin/node /Users/sakaguchikentaro/.nvm/versions/node/v16.6.0/bin/firebase deploy --only functions
[debug] [2021-12-30T05:50:02.133Z] CLI Version:   9.22.0
[debug] [2021-12-30T05:50:02.133Z] Platform:      darwin
[debug] [2021-12-30T05:50:02.133Z] Node Version:  v16.6.0
[debug] [2021-12-30T05:50:02.135Z] Time:          Thu Dec 30 2021 14:50:02 GMT+0900 (日本標準時)
[debug] [2021-12-30T05:50:02.135Z] ----------------------------------------------------------------------
[debug] 
[debug] [2021-12-30T05:50:02.171Z] > command requires scopes: ["email","openid","https://www.googleapis.com/auth/cloudplatformprojects.readonly","https://www.googleapis.com/auth/firebase","https://www.googleapis.com/auth/cloud-platform"]
[debug] [2021-12-30T05:50:02.171Z] > authorizing via signed-in user (shizukuya.office@gmail.com)
[debug] [2021-12-30T05:50:02.171Z] [iam] checking project sz-bg-app for permissions ["cloudfunctions.functions.create","cloudfunctions.functions.delete","cloudfunctions.functions.get","cloudfunctions.functions.list","cloudfunctions.functions.update","cloudfunctions.operations.get","firebase.projects.get"]
[debug] [2021-12-30T05:50:02.172Z] >>> HTTP REQUEST POST https://cloudresourcemanager.googleapis.com/v1/projects/sz-bg-app:testIamPermissions  
 {"permissions":["cloudfunctions.functions.create","cloudfunctions.functions.delete","cloudfunctions.functions.get","cloudfunctions.functions.list","cloudfunctions.functions.update","cloudfunctions.operations.get","firebase.projects.get"]}
[debug] [2021-12-30T05:50:02.369Z] <<< HTTP RESPONSE 200 {"content-type":"application/json; charset=UTF-8","vary":"X-Origin, Referer, Origin,Accept-Encoding","date":"Thu, 30 Dec 2021 05:50:02 GMT","server":"ESF","cache-control":"private","x-xss-protection":"0","x-frame-options":"SAMEORIGIN","x-content-type-options":"nosniff","server-timing":"gfet4t7; dur=120","alt-svc":"h3=\":443\"; ma=2592000,h3-29=\":443\"; ma=2592000,h3-Q050=\":443\"; ma=2592000,h3-Q046=\":443\"; ma=2592000,h3-Q043=\":443\"; ma=2592000,quic=\":443\"; ma=2592000; v=\"46,43\"","accept-ranges":"none","transfer-encoding":"chunked"}
[debug] [2021-12-30T05:50:02.370Z] >>> HTTP REQUEST POST https://iam.googleapis.com/v1/projects/sz-bg-app/serviceAccounts/sz-bg-app@appspot.gserviceaccount.com:testIamPermissions  
 {"permissions":["iam.serviceAccounts.actAs"]}
[debug] [2021-12-30T05:50:03.193Z] <<< HTTP RESPONSE 200 {"content-type":"application/json; charset=UTF-8","vary":"X-Origin, Referer, Origin,Accept-Encoding","date":"Thu, 30 Dec 2021 05:50:03 GMT","server":"ESF","cache-control":"private","x-xss-protection":"0","x-frame-options":"SAMEORIGIN","x-content-type-options":"nosniff","alt-svc":"h3=\":443\"; ma=2592000,h3-29=\":443\"; ma=2592000,h3-Q050=\":443\"; ma=2592000,h3-Q046=\":443\"; ma=2592000,h3-Q043=\":443\"; ma=2592000,quic=\":443\"; ma=2592000; v=\"46,43\"","accept-ranges":"none","transfer-encoding":"chunked"}
[info] 
[info] === Deploying to 'sz-bg-app'...
[info] 
[info] i  deploying functions 
[info] Running command: npm --prefix "$RESOURCE_DIR" run lint
[debug] [2021-12-30T05:50:07.033Z] ----------------------------------------------------------------------
[debug] [2021-12-30T05:50:07.034Z] Command:       /Users/sakaguchikentaro/.nvm/versions/node/v16.6.0/bin/node /Users/sakaguchikentaro/.nvm/versions/node/v16.6.0/bin/firebase deploy --only functions
[debug] [2021-12-30T05:50:07.034Z] CLI Version:   9.22.0
[debug] [2021-12-30T05:50:07.035Z] Platform:      darwin
[debug] [2021-12-30T05:50:07.035Z] Node Version:  v16.6.0
[debug] [2021-12-30T05:50:07.035Z] Time:          Thu Dec 30 2021 14:50:07 GMT+0900 (日本標準時)
[debug] [2021-12-30T05:50:07.035Z] ----------------------------------------------------------------------
[debug] 
[debug] [2021-12-30T05:50:07.061Z] > command requires scopes: ["email","openid","https://www.googleapis.com/auth/cloudplatformprojects.readonly","https://www.googleapis.com/auth/firebase","https://www.googleapis.com/auth/cloud-platform"]
[debug] [2021-12-30T05:50:07.061Z] > authorizing via signed-in user (shizukuya.office@gmail.com)
[debug] [2021-12-30T05:50:07.061Z] [iam] checking project sz-bg-app for permissions ["cloudfunctions.functions.create","cloudfunctions.functions.delete","cloudfunctions.functions.get","cloudfunctions.functions.list","cloudfunctions.functions.update","cloudfunctions.operations.get","firebase.projects.get"]
[debug] [2021-12-30T05:50:07.062Z] >>> HTTP REQUEST POST https://cloudresourcemanager.googleapis.com/v1/projects/sz-bg-app:testIamPermissions  
 {"permissions":["cloudfunctions.functions.create","cloudfunctions.functions.delete","cloudfunctions.functions.get","cloudfunctions.functions.list","cloudfunctions.functions.update","cloudfunctions.operations.get","firebase.projects.get"]}
[debug] [2021-12-30T05:50:07.770Z] <<< HTTP RESPONSE 200 {"content-type":"application/json; charset=UTF-8","vary":"X-Origin, Referer, Origin,Accept-Encoding","date":"Thu, 30 Dec 2021 05:50:07 GMT","server":"ESF","cache-control":"private","x-xss-protection":"0","x-frame-options":"SAMEORIGIN","x-content-type-options":"nosniff","server-timing":"gfet4t7; dur=573","alt-svc":"h3=\":443\"; ma=2592000,h3-29=\":443\"; ma=2592000,h3-Q050=\":443\"; ma=2592000,h3-Q046=\":443\"; ma=2592000,h3-Q043=\":443\"; ma=2592000,quic=\":443\"; ma=2592000; v=\"46,43\"","accept-ranges":"none","transfer-encoding":"chunked"}
[debug] [2021-12-30T05:50:07.772Z] >>> HTTP REQUEST POST https://iam.googleapis.com/v1/projects/sz-bg-app/serviceAccounts/sz-bg-app@appspot.gserviceaccount.com:testIamPermissions  
 {"permissions":["iam.serviceAccounts.actAs"]}
[debug] [2021-12-30T05:50:08.585Z] <<< HTTP RESPONSE 200 {"content-type":"application/json; charset=UTF-8","vary":"X-Origin, Referer, Origin,Accept-Encoding","date":"Thu, 30 Dec 2021 05:50:08 GMT","server":"ESF","cache-control":"private","x-xss-protection":"0","x-frame-options":"SAMEORIGIN","x-content-type-options":"nosniff","alt-svc":"h3=\":443\"; ma=2592000,h3-29=\":443\"; ma=2592000,h3-Q050=\":443\"; ma=2592000,h3-Q046=\":443\"; ma=2592000,h3-Q043=\":443\"; ma=2592000,quic=\":443\"; ma=2592000; v=\"46,43\"","accept-ranges":"none","transfer-encoding":"chunked"}
[info] 
[info] === Deploying to 'sz-bg-app'...
[info] 
[info] i  deploying functions 
[info] Running command: npm --prefix "$RESOURCE_DIR" run lint
[info] Running command: npm --prefix "$RESOURCE_DIR" run build
[info] ✔  functions: Finished running predeploy script. 
[debug] [2021-12-30T05:50:14.275Z] Validating nodejs source
[debug] [2021-12-30T05:50:14.844Z] > [functions] package.json contents: {
  "name": "functions",
  "scripts": {
    "lint": "eslint --ext .js,.ts .",
    "build": "tsc",
    "serve": "npm run build && firebase emulators:start --only functions",
    "shell": "npm run build && firebase functions:shell",
    "start": "npm run shell",
    "deploy": "firebase deploy --only functions",
    "logs": "firebase functions:log"
  },
  "engines": {
    "node": "14"
  },
  "main": "lib/index.js",
  "dependencies": {
    "@google-cloud/storage": "^5.16.1",
    "@slack/webhook": "^6.0.0",
    "axios": "^0.24.0",
    "firebase-admin": "^9.12.0",
    "firebase-functions": "^3.14.1",
    "sharp": "^0.29.3"
  },
  "devDependencies": {
    "@types/sharp": "^0.29.5",
    "@typescript-eslint/eslint-plugin": "^3.9.1",
    "@typescript-eslint/parser": "^3.8.0",
    "eslint": "^7.6.0",
    "eslint-config-google": "^0.14.0",
    "eslint-plugin-import": "^2.22.0",
    "firebase-functions-test": "^0.2.0",
    "typescript": "^3.8.0"
  },
  "private": true
}
[debug] [2021-12-30T05:50:14.845Z] Building nodejs source
[info] i  functions: ensuring required API cloudfunctions.googleapis.com is enabled... 
[info] i  functions: ensuring required API cloudbuild.googleapis.com is enabled... 
[debug] [2021-12-30T05:50:14.845Z] >>> HTTP REQUEST GET https://serviceusage.googleapis.com/v1/projects/sz-bg-app/services/cloudfunctions.googleapis.com  
 
[debug] [2021-12-30T05:50:14.846Z] >>> HTTP REQUEST GET https://serviceusage.googleapis.com/v1/projects/sz-bg-app/services/runtimeconfig.googleapis.com  
 
[debug] [2021-12-30T05:50:14.846Z] >>> HTTP REQUEST GET https://serviceusage.googleapis.com/v1/projects/sz-bg-app/services/cloudbuild.googleapis.com  
 
[debug] [2021-12-30T05:50:15.958Z] <<< HTTP RESPONSE 200 {"content-type":"application/json; charset=UTF-8","vary":"X-Origin, Referer, Origin,Accept-Encoding","date":"Thu, 30 Dec 2021 05:50:15 GMT","server":"ESF","cache-control":"private","x-xss-protection":"0","x-frame-options":"SAMEORIGIN","x-content-type-options":"nosniff","alt-svc":"h3=\":443\"; ma=2592000,h3-29=\":443\"; ma=2592000,h3-Q050=\":443\"; ma=2592000,h3-Q046=\":443\"; ma=2592000,h3-Q043=\":443\"; ma=2592000,quic=\":443\"; ma=2592000; v=\"46,43\"","accept-ranges":"none","transfer-encoding":"chunked"}
[debug] [2021-12-30T05:50:15.970Z] <<< HTTP RESPONSE 200 {"content-type":"application/json; charset=UTF-8","vary":"X-Origin, Referer, Origin,Accept-Encoding","date":"Thu, 30 Dec 2021 05:50:15 GMT","server":"ESF","cache-control":"private","x-xss-protection":"0","x-frame-options":"SAMEORIGIN","x-content-type-options":"nosniff","alt-svc":"h3=\":443\"; ma=2592000,h3-29=\":443\"; ma=2592000,h3-Q050=\":443\"; ma=2592000,h3-Q046=\":443\"; ma=2592000,h3-Q043=\":443\"; ma=2592000,quic=\":443\"; ma=2592000; v=\"46,43\"","accept-ranges":"none","transfer-encoding":"chunked"}
[info] ✔  functions: required API cloudbuild.googleapis.com is enabled 
[debug] [2021-12-30T05:50:15.971Z] <<< HTTP RESPONSE 200 {"content-type":"application/json; charset=UTF-8","vary":"X-Origin, Referer, Origin,Accept-Encoding","date":"Thu, 30 Dec 2021 05:50:15 GMT","server":"ESF","cache-control":"private","x-xss-protection":"0","x-frame-options":"SAMEORIGIN","x-content-type-options":"nosniff","alt-svc":"h3=\":443\"; ma=2592000,h3-29=\":443\"; ma=2592000,h3-Q050=\":443\"; ma=2592000,h3-Q046=\":443\"; ma=2592000,h3-Q043=\":443\"; ma=2592000,quic=\":443\"; ma=2592000; v=\"46,43\"","accept-ranges":"none","transfer-encoding":"chunked"}
[info] ✔  functions: required API cloudfunctions.googleapis.com is enabled 
[debug] [2021-12-30T05:50:15.972Z] >>> HTTP REQUEST GET https://firebase.googleapis.com/v1beta1/projects/sz-bg-app/adminSdkConfig  
 
[debug] [2021-12-30T05:50:16.364Z] <<< HTTP RESPONSE 200 {"content-type":"application/json; charset=UTF-8","vary":"X-Origin, Referer, Origin,Accept-Encoding","date":"Thu, 30 Dec 2021 05:50:16 GMT","server":"ESF","cache-control":"private","x-xss-protection":"0","x-frame-options":"SAMEORIGIN","x-content-type-options":"nosniff","alt-svc":"h3=\":443\"; ma=2592000,h3-29=\":443\"; ma=2592000,h3-Q050=\":443\"; ma=2592000,h3-Q046=\":443\"; ma=2592000,h3-Q043=\":443\"; ma=2592000,quic=\":443\"; ma=2592000; v=\"46,43\"","accept-ranges":"none","transfer-encoding":"chunked"}
[debug] [2021-12-30T05:50:16.365Z] >>> HTTP REQUEST GET https://runtimeconfig.googleapis.com/v1beta1/projects/sz-bg-app/configs  
 
[debug] [2021-12-30T05:50:16.878Z] <<< HTTP RESPONSE 200 {"content-type":"application/json; charset=UTF-8","vary":"X-Origin, Referer, Origin,Accept-Encoding","date":"Thu, 30 Dec 2021 05:50:16 GMT","server":"ESF","cache-control":"private","x-xss-protection":"0","x-frame-options":"SAMEORIGIN","x-content-type-options":"nosniff","alt-svc":"h3=\":443\"; ma=2592000,h3-29=\":443\"; ma=2592000,h3-Q050=\":443\"; ma=2592000,h3-Q046=\":443\"; ma=2592000,h3-Q043=\":443\"; ma=2592000,quic=\":443\"; ma=2592000; v=\"46,43\"","accept-ranges":"none","transfer-encoding":"chunked"}
[debug] [2021-12-30T05:50:16.880Z] >>> HTTP REQUEST GET https://runtimeconfig.googleapis.com/v1beta1/projects/sz-bg-app/configs/slack_web_hook/variables  
 
[debug] [2021-12-30T05:50:17.187Z] <<< HTTP RESPONSE 200 {"content-type":"application/json; charset=UTF-8","vary":"X-Origin, Referer, Origin,Accept-Encoding","date":"Thu, 30 Dec 2021 05:50:17 GMT","server":"ESF","cache-control":"private","x-xss-protection":"0","x-frame-options":"SAMEORIGIN","x-content-type-options":"nosniff","alt-svc":"h3=\":443\"; ma=2592000,h3-29=\":443\"; ma=2592000,h3-Q050=\":443\"; ma=2592000,h3-Q046=\":443\"; ma=2592000,h3-Q043=\":443\"; ma=2592000,quic=\":443\"; ma=2592000; v=\"46,43\"","accept-ranges":"none","transfer-encoding":"chunked"}
[debug] [2021-12-30T05:50:17.190Z] >>> HTTP REQUEST GET https://runtimeconfig.googleapis.com/v1beta1/projects/sz-bg-app/configs/slack_web_hook/variables/url  
 
[debug] [2021-12-30T05:50:17.595Z] <<< HTTP RESPONSE 200 {"content-type":"application/json; charset=UTF-8","vary":"X-Origin, Referer, Origin,Accept-Encoding","date":"Thu, 30 Dec 2021 05:50:17 GMT","server":"ESF","cache-control":"private","x-xss-protection":"0","x-frame-options":"SAMEORIGIN","x-content-type-options":"nosniff","alt-svc":"h3=\":443\"; ma=2592000,h3-29=\":443\"; ma=2592000,h3-Q050=\":443\"; ma=2592000,h3-Q046=\":443\"; ma=2592000,h3-Q043=\":443\"; ma=2592000,quic=\":443\"; ma=2592000; v=\"46,43\"","accept-ranges":"none","transfer-encoding":"chunked"}
[debug] [2021-12-30T05:50:17.692Z] Analyzing nodejs backend spec
[info] i  functions: preparing functions directory for uploading... 
[info] i  functions: packaged functions (104.86 KB) for uploading 
[debug] [2021-12-30T05:50:17.815Z] >>> HTTP REQUEST GET https://cloudfunctions.googleapis.com/v1/projects/sz-bg-app/locations/-/functions  
 
[debug] [2021-12-30T05:50:18.521Z] <<< HTTP RESPONSE 200 {"content-type":"application/json; charset=UTF-8","vary":"X-Origin, Referer, Origin,Accept-Encoding","date":"Thu, 30 Dec 2021 05:50:18 GMT","server":"ESF","cache-control":"private","x-xss-protection":"0","x-frame-options":"SAMEORIGIN","x-content-type-options":"nosniff","alt-svc":"h3=\":443\"; ma=2592000,h3-29=\":443\"; ma=2592000,h3-Q050=\":443\"; ma=2592000,h3-Q046=\":443\"; ma=2592000,h3-Q043=\":443\"; ma=2592000,quic=\":443\"; ma=2592000; v=\"46,43\"","accept-ranges":"none","transfer-encoding":"chunked"}
[debug] [2021-12-30T05:50:18.525Z] >>> HTTP REQUEST POST https://cloudfunctions.googleapis.com/v1/projects/sz-bg-app/locations/us-central1/functions:generateUploadUrl  
 
[debug] [2021-12-30T05:50:19.547Z] <<< HTTP RESPONSE 200 {"content-type":"application/json; charset=UTF-8","vary":"X-Origin, Referer, Origin,Accept-Encoding","date":"Thu, 30 Dec 2021 05:50:19 GMT","server":"ESF","cache-control":"private","x-xss-protection":"0","x-frame-options":"SAMEORIGIN","x-content-type-options":"nosniff","alt-svc":"h3=\":443\"; ma=2592000,h3-29=\":443\"; ma=2592000,h3-Q050=\":443\"; ma=2592000,h3-Q046=\":443\"; ma=2592000,h3-Q043=\":443\"; ma=2592000,quic=\":443\"; ma=2592000; v=\"46,43\"","accept-ranges":"none","transfer-encoding":"chunked"}
[debug] [2021-12-30T05:50:19.549Z] >>> HTTP REQUEST PUT https://storage.googleapis.com/gcf-upload-us-central1-447c3624-fe7a-412c-a3b7-a6b7a37ae3f8/8892d2b5-c446-4ac1-aecc-ce580927ca81.zip?GoogleAccessId=service-494839939982@gcf-admin-robot.iam.gserviceaccount.com&Expires=1640845219&Signature=YRUsiuqm%2B59b2QHsDPiUo%2BwqQqqEoMShcBItFIivqWWxXpULzUCZkprJ8oG%2B3Qb%2B6DTRbR%2Bw6O0DHJt8LKPuI9XBpul9P9CZou8BIh1xGJQKmz7HHEPpFfbXsCWIA4sm5Uold8ijLW4ZLKNYACTn1MG865SQxRqQk9oHtZwschIZZPwz%2BdrR%2BPBduAA9cBXkChqhhjWisa6mX2V3IAcHmzTGWj5Gv3RfECgq78sukAFuvpDIWSfzDhIjRI7u7yMfQpp2yr6F%2BWqxbpVUp2UroQQVwH%2BX%2Fz2sHKbEZGO7awYHRq%2BRBCdufMaTk2jIxXQPBw10adyOiIVsVYd8Byrorg%3D%3D  
 <request body omitted>
[debug] [2021-12-30T05:50:20.258Z] <<< HTTP RESPONSE 200 {"x-guploader-uploadid":"ADPycdurhTu8LgG9uaMzS5mIxXm-0MfbjOPnC240o5RzueIklYeOwQq_N6ggCtbVBabw8usBOFWdn1w5r_P_qh5WHco","etag":"\"6d8246ca9863f1efadda2d7699764c23\"","x-goog-generation":"1640843420123895","x-goog-metageneration":"1","x-goog-hash":"crc32c=GSlPAA==, md5=bYJGyphj8e+t2i12mXZMIw==","x-goog-stored-content-length":"107376","x-goog-stored-content-encoding":"identity","vary":"Origin","content-length":"0","date":"Thu, 30 Dec 2021 05:50:20 GMT","server":"UploadServer","content-type":"text/html; charset=UTF-8","alt-svc":"h3=\":443\"; ma=2592000,h3-29=\":443\"; ma=2592000,h3-Q050=\":443\"; ma=2592000,h3-Q046=\":443\"; ma=2592000,h3-Q043=\":443\"; ma=2592000,quic=\":443\"; ma=2592000; v=\"46,43\""}
[info] ✔  functions: functions folder uploaded successfully 
[info] 
The following functions are found in your project but do not exist in your local source code:
	grayscaleImage(us-central1)

If you are renaming a function or changing its region, it is recommended that you create the new function first before deleting the old one to prevent event loss. For more info, visit https://firebase.google.com/docs/functions/manage-functions#modify

[info] i  functions: updating Node.js 14 function addMessage(us-central1)... 
[debug] [2021-12-30T05:50:22.893Z] >>> HTTP REQUEST PATCH https://cloudfunctions.googleapis.com/v1/projects/sz-bg-app/locations/us-central1/functions/addMessage {"updateMask":"name,sourceUploadUrl,entryPoint,runtime,labels,httpsTrigger,availableMemoryMb,environmentVariables,sourceToken"} 
 {"name":"projects/sz-bg-app/locations/us-central1/functions/addMessage","sourceUploadUrl":"https://storage.googleapis.com/gcf-upload-us-central1-447c3624-fe7a-412c-a3b7-a6b7a37ae3f8/8892d2b5-c446-4ac1-aecc-ce580927ca81.zip?GoogleAccessId=service-494839939982@gcf-admin-robot.iam.gserviceaccount.com&Expires=1640845219&Signature=YRUsiuqm%2B59b2QHsDPiUo%2BwqQqqEoMShcBItFIivqWWxXpULzUCZkprJ8oG%2B3Qb%2B6DTRbR%2Bw6O0DHJt8LKPuI9XBpul9P9CZou8BIh1xGJQKmz7HHEPpFfbXsCWIA4sm5Uold8ijLW4ZLKNYACTn1MG865SQxRqQk9oHtZwschIZZPwz%2BdrR%2BPBduAA9cBXkChqhhjWisa6mX2V3IAcHmzTGWj5Gv3RfECgq78sukAFuvpDIWSfzDhIjRI7u7yMfQpp2yr6F%2BWqxbpVUp2UroQQVwH%2BX%2Fz2sHKbEZGO7awYHRq%2BRBCdufMaTk2jIxXQPBw10adyOiIVsVYd8Byrorg%3D%3D","entryPoint":"addMessage","runtime":"nodejs14","labels":{"deployment-callable":"true","deployment-tool":"cli-firebase"},"httpsTrigger":{},"availableMemoryMb":256,"environmentVariables":{"FIREBASE_CONFIG":"{\"projectId\":\"sz-bg-app\",\"storageBucket\":\"sz-bg-app.appspot.com\",\"locationId\":\"asia-northeast1\"}","GCLOUD_PROJECT":"sz-bg-app"}}
[debug] [2021-12-30T05:50:23.538Z] <<< HTTP RESPONSE 200 {"content-type":"application/json; charset=UTF-8","vary":"X-Origin, Referer, Origin,Accept-Encoding","date":"Thu, 30 Dec 2021 05:50:23 GMT","server":"ESF","cache-control":"private","x-xss-protection":"0","x-frame-options":"SAMEORIGIN","x-content-type-options":"nosniff","alt-svc":"h3=\":443\"; ma=2592000,h3-29=\":443\"; ma=2592000,h3-Q050=\":443\"; ma=2592000,h3-Q046=\":443\"; ma=2592000,h3-Q043=\":443\"; ma=2592000,quic=\":443\"; ma=2592000; v=\"46,43\"","accept-ranges":"none","transfer-encoding":"chunked"}
[debug] [2021-12-30T05:50:23.542Z] > refreshing access token with scopes: []
[debug] [2021-12-30T05:50:23.542Z] >>> HTTP REQUEST POST https://www.googleapis.com/oauth2/v3/token  
 <request body omitted>
[debug] [2021-12-30T05:50:23.652Z] <<< HTTP RESPONSE 200 {"cache-control":"no-cache, no-store, max-age=0, must-revalidate","date":"Thu, 30 Dec 2021 05:50:23 GMT","pragma":"no-cache","expires":"Mon, 01 Jan 1990 00:00:00 GMT","content-type":"application/json; charset=utf-8","vary":"X-Origin, Referer, Origin,Accept-Encoding","server":"scaffolding on HTTPServer2","x-xss-protection":"0","x-frame-options":"SAMEORIGIN","x-content-type-options":"nosniff","alt-svc":"h3=\":443\"; ma=2592000,h3-29=\":443\"; ma=2592000,h3-Q050=\":443\"; ma=2592000,h3-Q046=\":443\"; ma=2592000,h3-Q043=\":443\"; ma=2592000,quic=\":443\"; ma=2592000; v=\"46,43\"","accept-ranges":"none","transfer-encoding":"chunked"}
[debug] [2021-12-30T05:50:23.707Z] >>> [apiv2][query] GET https://cloudfunctions.googleapis.com/v1/operations/c3otYmctYXBwL3VzLWNlbnRyYWwxL2FkZE1lc3NhZ2UvS0RUaTktbUd3cms [none]
[debug] [2021-12-30T05:50:24.156Z] <<< [apiv2][status] GET https://cloudfunctions.googleapis.com/v1/operations/c3otYmctYXBwL3VzLWNlbnRyYWwxL2FkZE1lc3NhZ2UvS0RUaTktbUd3cms 200
[debug] [2021-12-30T05:50:24.157Z] <<< [apiv2][body] GET https://cloudfunctions.googleapis.com/v1/operations/c3otYmctYXBwL3VzLWNlbnRyYWwxL2FkZE1lc3NhZ2UvS0RUaTktbUd3cms {"name":"operations/c3otYmctYXBwL3VzLWNlbnRyYWwxL2FkZE1lc3NhZ2UvS0RUaTktbUd3cms","metadata":{"@type":"type.googleapis.com/google.cloud.functions.v1.OperationMetadataV1","target":"projects/sz-bg-app/locations/us-central1/functions/addMessage","type":"UPDATE_FUNCTION","request":{"@type":"type.googleapis.com/google.cloud.functions.v1.CloudFunction","name":"projects/sz-bg-app/locations/us-central1/functions/addMessage","httpsTrigger":{},"status":"ACTIVE","entryPoint":"addMessage","timeout":"60s","availableMemoryMb":256,"serviceAccountEmail":"sz-bg-app@appspot.gserviceaccount.com","updateTime":"2021-12-30T04:21:09.385Z","versionId":"8","labels":{"deployment-callable":"true","deployment-tool":"cli-firebase"},"sourceUploadUrl":"https://storage.googleapis.com/gcf-upload-us-central1-447c3624-fe7a-412c-a3b7-a6b7a37ae3f8/8892d2b5-c446-4ac1-aecc-ce580927ca81.zip?GoogleAccessId=service-494839939982@gcf-admin-robot.iam.gserviceaccount.com&Expires=1640845219&Signature=YRUsiuqm%2B59b2QHsDPiUo%2BwqQqqEoMShcBItFIivqWWxXpULzUCZkprJ8oG%2B3Qb%2B6DTRbR%2Bw6O0DHJt8LKPuI9XBpul9P9CZou8BIh1xGJQKmz7HHEPpFfbXsCWIA4sm5Uold8ijLW4ZLKNYACTn1MG865SQxRqQk9oHtZwschIZZPwz%2BdrR%2BPBduAA9cBXkChqhhjWisa6mX2V3IAcHmzTGWj5Gv3RfECgq78sukAFuvpDIWSfzDhIjRI7u7yMfQpp2yr6F%2BWqxbpVUp2UroQQVwH%2BX%2Fz2sHKbEZGO7awYHRq%2BRBCdufMaTk2jIxXQPBw10adyOiIVsVYd8Byrorg%3D%3D","environmentVariables":{"FIREBASE_CONFIG":"{\"projectId\":\"sz-bg-app\",\"storageBucket\":\"sz-bg-app.appspot.com\",\"locationId\":\"asia-northeast1\"}","GCLOUD_PROJECT":"sz-bg-app"},"runtime":"nodejs14","ingressSettings":"ALLOW_ALL","buildId":"ee9b47c4-2ea2-4186-aab6-4ad814d31532","buildName":"projects/494839939982/locations/us-central1/builds/ee9b47c4-2ea2-4186-aab6-4ad814d31532"},"versionId":"9","updateTime":"2021-12-30T05:50:23Z","buildName":"projects/494839939982/locations/us-central1/builds/ee9b47c4-2ea2-4186-aab6-4ad814d31532"}}
[debug] [2021-12-30T05:50:24.659Z] [update-us-central1-addMessage] Retrying task index 0
[debug] [2021-12-30T05:50:24.660Z] >>> [apiv2][query] GET https://cloudfunctions.googleapis.com/v1/operations/c3otYmctYXBwL3VzLWNlbnRyYWwxL2FkZE1lc3NhZ2UvS0RUaTktbUd3cms [none]
[debug] [2021-12-30T05:50:25.075Z] <<< [apiv2][status] GET https://cloudfunctions.googleapis.com/v1/operations/c3otYmctYXBwL3VzLWNlbnRyYWwxL2FkZE1lc3NhZ2UvS0RUaTktbUd3cms 200
[debug] [2021-12-30T05:50:25.076Z] <<< [apiv2][body] GET https://cloudfunctions.googleapis.com/v1/operations/c3otYmctYXBwL3VzLWNlbnRyYWwxL2FkZE1lc3NhZ2UvS0RUaTktbUd3cms {"name":"operations/c3otYmctYXBwL3VzLWNlbnRyYWwxL2FkZE1lc3NhZ2UvS0RUaTktbUd3cms","metadata":{"@type":"type.googleapis.com/google.cloud.functions.v1.OperationMetadataV1","target":"projects/sz-bg-app/locations/us-central1/functions/addMessage","type":"UPDATE_FUNCTION","request":{"@type":"type.googleapis.com/google.cloud.functions.v1.CloudFunction","name":"projects/sz-bg-app/locations/us-central1/functions/addMessage","httpsTrigger":{},"status":"ACTIVE","entryPoint":"addMessage","timeout":"60s","availableMemoryMb":256,"serviceAccountEmail":"sz-bg-app@appspot.gserviceaccount.com","updateTime":"2021-12-30T04:21:09.385Z","versionId":"8","labels":{"deployment-callable":"true","deployment-tool":"cli-firebase"},"sourceUploadUrl":"https://storage.googleapis.com/gcf-upload-us-central1-447c3624-fe7a-412c-a3b7-a6b7a37ae3f8/8892d2b5-c446-4ac1-aecc-ce580927ca81.zip?GoogleAccessId=service-494839939982@gcf-admin-robot.iam.gserviceaccount.com&Expires=1640845219&Signature=YRUsiuqm%2B59b2QHsDPiUo%2BwqQqqEoMShcBItFIivqWWxXpULzUCZkprJ8oG%2B3Qb%2B6DTRbR%2Bw6O0DHJt8LKPuI9XBpul9P9CZou8BIh1xGJQKmz7HHEPpFfbXsCWIA4sm5Uold8ijLW4ZLKNYACTn1MG865SQxRqQk9oHtZwschIZZPwz%2BdrR%2BPBduAA9cBXkChqhhjWisa6mX2V3IAcHmzTGWj5Gv3RfECgq78sukAFuvpDIWSfzDhIjRI7u7yMfQpp2yr6F%2BWqxbpVUp2UroQQVwH%2BX%2Fz2sHKbEZGO7awYHRq%2BRBCdufMaTk2jIxXQPBw10adyOiIVsVYd8Byrorg%3D%3D","environmentVariables":{"FIREBASE_CONFIG":"{\"projectId\":\"sz-bg-app\",\"storageBucket\":\"sz-bg-app.appspot.com\",\"locationId\":\"asia-northeast1\"}","GCLOUD_PROJECT":"sz-bg-app"},"runtime":"nodejs14","ingressSettings":"ALLOW_ALL","buildId":"ee9b47c4-2ea2-4186-aab6-4ad814d31532","buildName":"projects/494839939982/locations/us-central1/builds/ee9b47c4-2ea2-4186-aab6-4ad814d31532"},"versionId":"9","updateTime":"2021-12-30T05:50:23Z","buildId":"4d374b37-f8a4-4275-8da8-cacec4397234","buildName":"projects/494839939982/locations/us-central1/builds/4d374b37-f8a4-4275-8da8-cacec4397234"}}
[debug] [2021-12-30T05:50:26.077Z] [update-us-central1-addMessage] Retrying task index 0
[debug] [2021-12-30T05:50:26.078Z] >>> [apiv2][query] GET https://cloudfunctions.googleapis.com/v1/operations/c3otYmctYXBwL3VzLWNlbnRyYWwxL2FkZE1lc3NhZ2UvS0RUaTktbUd3cms [none]
[debug] [2021-12-30T05:50:26.438Z] <<< [apiv2][status] GET https://cloudfunctions.googleapis.com/v1/operations/c3otYmctYXBwL3VzLWNlbnRyYWwxL2FkZE1lc3NhZ2UvS0RUaTktbUd3cms 200
[debug] [2021-12-30T05:50:26.438Z] <<< [apiv2][body] GET https://cloudfunctions.googleapis.com/v1/operations/c3otYmctYXBwL3VzLWNlbnRyYWwxL2FkZE1lc3NhZ2UvS0RUaTktbUd3cms {"name":"operations/c3otYmctYXBwL3VzLWNlbnRyYWwxL2FkZE1lc3NhZ2UvS0RUaTktbUd3cms","metadata":{"@type":"type.googleapis.com/google.cloud.functions.v1.OperationMetadataV1","target":"projects/sz-bg-app/locations/us-central1/functions/addMessage","type":"UPDATE_FUNCTION","request":{"@type":"type.googleapis.com/google.cloud.functions.v1.CloudFunction","name":"projects/sz-bg-app/locations/us-central1/functions/addMessage","httpsTrigger":{},"status":"ACTIVE","entryPoint":"addMessage","timeout":"60s","availableMemoryMb":256,"serviceAccountEmail":"sz-bg-app@appspot.gserviceaccount.com","updateTime":"2021-12-30T04:21:09.385Z","versionId":"8","labels":{"deployment-callable":"true","deployment-tool":"cli-firebase"},"sourceUploadUrl":"https://storage.googleapis.com/gcf-upload-us-central1-447c3624-fe7a-412c-a3b7-a6b7a37ae3f8/8892d2b5-c446-4ac1-aecc-ce580927ca81.zip?GoogleAccessId=service-494839939982@gcf-admin-robot.iam.gserviceaccount.com&Expires=1640845219&Signature=YRUsiuqm%2B59b2QHsDPiUo%2BwqQqqEoMShcBItFIivqWWxXpULzUCZkprJ8oG%2B3Qb%2B6DTRbR%2Bw6O0DHJt8LKPuI9XBpul9P9CZou8BIh1xGJQKmz7HHEPpFfbXsCWIA4sm5Uold8ijLW4ZLKNYACTn1MG865SQxRqQk9oHtZwschIZZPwz%2BdrR%2BPBduAA9cBXkChqhhjWisa6mX2V3IAcHmzTGWj5Gv3RfECgq78sukAFuvpDIWSfzDhIjRI7u7yMfQpp2yr6F%2BWqxbpVUp2UroQQVwH%2BX%2Fz2sHKbEZGO7awYHRq%2BRBCdufMaTk2jIxXQPBw10adyOiIVsVYd8Byrorg%3D%3D","environmentVariables":{"FIREBASE_CONFIG":"{\"projectId\":\"sz-bg-app\",\"storageBucket\":\"sz-bg-app.appspot.com\",\"locationId\":\"asia-northeast1\"}","GCLOUD_PROJECT":"sz-bg-app"},"runtime":"nodejs14","ingressSettings":"ALLOW_ALL","buildId":"ee9b47c4-2ea2-4186-aab6-4ad814d31532","buildName":"projects/494839939982/locations/us-central1/builds/ee9b47c4-2ea2-4186-aab6-4ad814d31532"},"versionId":"9","updateTime":"2021-12-30T05:50:23Z","buildId":"4d374b37-f8a4-4275-8da8-cacec4397234","buildName":"projects/494839939982/locations/us-central1/builds/4d374b37-f8a4-4275-8da8-cacec4397234"}}
[debug] [2021-12-30T05:50:28.439Z] [update-us-central1-addMessage] Retrying task index 0
[debug] [2021-12-30T05:50:28.440Z] >>> [apiv2][query] GET https://cloudfunctions.googleapis.com/v1/operations/c3otYmctYXBwL3VzLWNlbnRyYWwxL2FkZE1lc3NhZ2UvS0RUaTktbUd3cms [none]
[debug] [2021-12-30T05:50:28.864Z] <<< [apiv2][status] GET https://cloudfunctions.googleapis.com/v1/operations/c3otYmctYXBwL3VzLWNlbnRyYWwxL2FkZE1lc3NhZ2UvS0RUaTktbUd3cms 200
[debug] [2021-12-30T05:50:28.864Z] <<< [apiv2][body] GET https://cloudfunctions.googleapis.com/v1/operations/c3otYmctYXBwL3VzLWNlbnRyYWwxL2FkZE1lc3NhZ2UvS0RUaTktbUd3cms {"name":"operations/c3otYmctYXBwL3VzLWNlbnRyYWwxL2FkZE1lc3NhZ2UvS0RUaTktbUd3cms","metadata":{"@type":"type.googleapis.com/google.cloud.functions.v1.OperationMetadataV1","target":"projects/sz-bg-app/locations/us-central1/functions/addMessage","type":"UPDATE_FUNCTION","request":{"@type":"type.googleapis.com/google.cloud.functions.v1.CloudFunction","name":"projects/sz-bg-app/locations/us-central1/functions/addMessage","httpsTrigger":{},"status":"ACTIVE","entryPoint":"addMessage","timeout":"60s","availableMemoryMb":256,"serviceAccountEmail":"sz-bg-app@appspot.gserviceaccount.com","updateTime":"2021-12-30T04:21:09.385Z","versionId":"8","labels":{"deployment-callable":"true","deployment-tool":"cli-firebase"},"sourceUploadUrl":"https://storage.googleapis.com/gcf-upload-us-central1-447c3624-fe7a-412c-a3b7-a6b7a37ae3f8/8892d2b5-c446-4ac1-aecc-ce580927ca81.zip?GoogleAccessId=service-494839939982@gcf-admin-robot.iam.gserviceaccount.com&Expires=1640845219&Signature=YRUsiuqm%2B59b2QHsDPiUo%2BwqQqqEoMShcBItFIivqWWxXpULzUCZkprJ8oG%2B3Qb%2B6DTRbR%2Bw6O0DHJt8LKPuI9XBpul9P9CZou8BIh1xGJQKmz7HHEPpFfbXsCWIA4sm5Uold8ijLW4ZLKNYACTn1MG865SQxRqQk9oHtZwschIZZPwz%2BdrR%2BPBduAA9cBXkChqhhjWisa6mX2V3IAcHmzTGWj5Gv3RfECgq78sukAFuvpDIWSfzDhIjRI7u7yMfQpp2yr6F%2BWqxbpVUp2UroQQVwH%2BX%2Fz2sHKbEZGO7awYHRq%2BRBCdufMaTk2jIxXQPBw10adyOiIVsVYd8Byrorg%3D%3D","environmentVariables":{"FIREBASE_CONFIG":"{\"projectId\":\"sz-bg-app\",\"storageBucket\":\"sz-bg-app.appspot.com\",\"locationId\":\"asia-northeast1\"}","GCLOUD_PROJECT":"sz-bg-app"},"runtime":"nodejs14","ingressSettings":"ALLOW_ALL","buildId":"ee9b47c4-2ea2-4186-aab6-4ad814d31532","buildName":"projects/494839939982/locations/us-central1/builds/ee9b47c4-2ea2-4186-aab6-4ad814d31532"},"versionId":"9","updateTime":"2021-12-30T05:50:23Z","buildId":"4d374b37-f8a4-4275-8da8-cacec4397234","buildName":"projects/494839939982/locations/us-central1/builds/4d374b37-f8a4-4275-8da8-cacec4397234"}}
[debug] [2021-12-30T05:50:32.866Z] [update-us-central1-addMessage] Retrying task index 0
[debug] [2021-12-30T05:50:32.868Z] >>> [apiv2][query] GET https://cloudfunctions.googleapis.com/v1/operations/c3otYmctYXBwL3VzLWNlbnRyYWwxL2FkZE1lc3NhZ2UvS0RUaTktbUd3cms [none]
[debug] [2021-12-30T05:50:33.253Z] <<< [apiv2][status] GET https://cloudfunctions.googleapis.com/v1/operations/c3otYmctYXBwL3VzLWNlbnRyYWwxL2FkZE1lc3NhZ2UvS0RUaTktbUd3cms 200
[debug] [2021-12-30T05:50:33.254Z] <<< [apiv2][body] GET https://cloudfunctions.googleapis.com/v1/operations/c3otYmctYXBwL3VzLWNlbnRyYWwxL2FkZE1lc3NhZ2UvS0RUaTktbUd3cms {"name":"operations/c3otYmctYXBwL3VzLWNlbnRyYWwxL2FkZE1lc3NhZ2UvS0RUaTktbUd3cms","metadata":{"@type":"type.googleapis.com/google.cloud.functions.v1.OperationMetadataV1","target":"projects/sz-bg-app/locations/us-central1/functions/addMessage","type":"UPDATE_FUNCTION","request":{"@type":"type.googleapis.com/google.cloud.functions.v1.CloudFunction","name":"projects/sz-bg-app/locations/us-central1/functions/addMessage","httpsTrigger":{},"status":"ACTIVE","entryPoint":"addMessage","timeout":"60s","availableMemoryMb":256,"serviceAccountEmail":"sz-bg-app@appspot.gserviceaccount.com","updateTime":"2021-12-30T04:21:09.385Z","versionId":"8","labels":{"deployment-callable":"true","deployment-tool":"cli-firebase"},"sourceUploadUrl":"https://storage.googleapis.com/gcf-upload-us-central1-447c3624-fe7a-412c-a3b7-a6b7a37ae3f8/8892d2b5-c446-4ac1-aecc-ce580927ca81.zip?GoogleAccessId=service-494839939982@gcf-admin-robot.iam.gserviceaccount.com&Expires=1640845219&Signature=YRUsiuqm%2B59b2QHsDPiUo%2BwqQqqEoMShcBItFIivqWWxXpULzUCZkprJ8oG%2B3Qb%2B6DTRbR%2Bw6O0DHJt8LKPuI9XBpul9P9CZou8BIh1xGJQKmz7HHEPpFfbXsCWIA4sm5Uold8ijLW4ZLKNYACTn1MG865SQxRqQk9oHtZwschIZZPwz%2BdrR%2BPBduAA9cBXkChqhhjWisa6mX2V3IAcHmzTGWj5Gv3RfECgq78sukAFuvpDIWSfzDhIjRI7u7yMfQpp2yr6F%2BWqxbpVUp2UroQQVwH%2BX%2Fz2sHKbEZGO7awYHRq%2BRBCdufMaTk2jIxXQPBw10adyOiIVsVYd8Byrorg%3D%3D","environmentVariables":{"FIREBASE_CONFIG":"{\"projectId\":\"sz-bg-app\",\"storageBucket\":\"sz-bg-app.appspot.com\",\"locationId\":\"asia-northeast1\"}","GCLOUD_PROJECT":"sz-bg-app"},"runtime":"nodejs14","ingressSettings":"ALLOW_ALL","buildId":"ee9b47c4-2ea2-4186-aab6-4ad814d31532","buildName":"projects/494839939982/locations/us-central1/builds/ee9b47c4-2ea2-4186-aab6-4ad814d31532"},"versionId":"9","updateTime":"2021-12-30T05:50:23Z","buildId":"4d374b37-f8a4-4275-8da8-cacec4397234","buildName":"projects/494839939982/locations/us-central1/builds/4d374b37-f8a4-4275-8da8-cacec4397234"}}
[debug] [2021-12-30T05:50:41.257Z] [update-us-central1-addMessage] Retrying task index 0
[debug] [2021-12-30T05:50:41.267Z] >>> [apiv2][query] GET https://cloudfunctions.googleapis.com/v1/operations/c3otYmctYXBwL3VzLWNlbnRyYWwxL2FkZE1lc3NhZ2UvS0RUaTktbUd3cms [none]
[debug] [2021-12-30T05:50:41.593Z] <<< [apiv2][status] GET https://cloudfunctions.googleapis.com/v1/operations/c3otYmctYXBwL3VzLWNlbnRyYWwxL2FkZE1lc3NhZ2UvS0RUaTktbUd3cms 200
[debug] [2021-12-30T05:50:41.593Z] <<< [apiv2][body] GET https://cloudfunctions.googleapis.com/v1/operations/c3otYmctYXBwL3VzLWNlbnRyYWwxL2FkZE1lc3NhZ2UvS0RUaTktbUd3cms {"name":"operations/c3otYmctYXBwL3VzLWNlbnRyYWwxL2FkZE1lc3NhZ2UvS0RUaTktbUd3cms","metadata":{"@type":"type.googleapis.com/google.cloud.functions.v1.OperationMetadataV1","target":"projects/sz-bg-app/locations/us-central1/functions/addMessage","type":"UPDATE_FUNCTION","request":{"@type":"type.googleapis.com/google.cloud.functions.v1.CloudFunction","name":"projects/sz-bg-app/locations/us-central1/functions/addMessage","httpsTrigger":{},"status":"ACTIVE","entryPoint":"addMessage","timeout":"60s","availableMemoryMb":256,"serviceAccountEmail":"sz-bg-app@appspot.gserviceaccount.com","updateTime":"2021-12-30T04:21:09.385Z","versionId":"8","labels":{"deployment-callable":"true","deployment-tool":"cli-firebase"},"sourceUploadUrl":"https://storage.googleapis.com/gcf-upload-us-central1-447c3624-fe7a-412c-a3b7-a6b7a37ae3f8/8892d2b5-c446-4ac1-aecc-ce580927ca81.zip?GoogleAccessId=service-494839939982@gcf-admin-robot.iam.gserviceaccount.com&Expires=1640845219&Signature=YRUsiuqm%2B59b2QHsDPiUo%2BwqQqqEoMShcBItFIivqWWxXpULzUCZkprJ8oG%2B3Qb%2B6DTRbR%2Bw6O0DHJt8LKPuI9XBpul9P9CZou8BIh1xGJQKmz7HHEPpFfbXsCWIA4sm5Uold8ijLW4ZLKNYACTn1MG865SQxRqQk9oHtZwschIZZPwz%2BdrR%2BPBduAA9cBXkChqhhjWisa6mX2V3IAcHmzTGWj5Gv3RfECgq78sukAFuvpDIWSfzDhIjRI7u7yMfQpp2yr6F%2BWqxbpVUp2UroQQVwH%2BX%2Fz2sHKbEZGO7awYHRq%2BRBCdufMaTk2jIxXQPBw10adyOiIVsVYd8Byrorg%3D%3D","environmentVariables":{"FIREBASE_CONFIG":"{\"projectId\":\"sz-bg-app\",\"storageBucket\":\"sz-bg-app.appspot.com\",\"locationId\":\"asia-northeast1\"}","GCLOUD_PROJECT":"sz-bg-app"},"runtime":"nodejs14","ingressSettings":"ALLOW_ALL","buildId":"ee9b47c4-2ea2-4186-aab6-4ad814d31532","buildName":"projects/494839939982/locations/us-central1/builds/ee9b47c4-2ea2-4186-aab6-4ad814d31532"},"versionId":"9","updateTime":"2021-12-30T05:50:23Z","buildId":"4d374b37-f8a4-4275-8da8-cacec4397234","buildName":"projects/494839939982/locations/us-central1/builds/4d374b37-f8a4-4275-8da8-cacec4397234"}}
