[debug] [2021-12-30T08:04:47.432Z] ----------------------------------------------------------------------
[debug] [2021-12-30T08:04:47.433Z] Command:       /Users/sakaguchikentaro/.nvm/versions/node/v16.6.0/bin/node /Users/sakaguchikentaro/.nvm/versions/node/v16.6.0/bin/firebase deploy --only hosting
[debug] [2021-12-30T08:04:47.433Z] CLI Version:   9.22.0
[debug] [2021-12-30T08:04:47.433Z] Platform:      darwin
[debug] [2021-12-30T08:04:47.433Z] Node Version:  v16.6.0
[debug] [2021-12-30T08:04:47.434Z] Time:          Thu Dec 30 2021 17:04:47 GMT+0900 (日本標準時)
[debug] [2021-12-30T08:04:47.435Z] ----------------------------------------------------------------------
[debug] 
[debug] [2021-12-30T08:04:47.468Z] > command requires scopes: ["email","openid","https://www.googleapis.com/auth/cloudplatformprojects.readonly","https://www.googleapis.com/auth/firebase","https://www.googleapis.com/auth/cloud-platform"]
[debug] [2021-12-30T08:04:47.469Z] > authorizing via signed-in user (shizukuya.office@gmail.com)
[debug] [2021-12-30T08:04:47.469Z] [iam] checking project sz-bg-app for permissions ["firebase.projects.get","firebasehosting.sites.update"]
[debug] [2021-12-30T08:04:47.470Z] > refreshing access token with scopes: ["email","https://www.googleapis.com/auth/cloud-platform","https://www.googleapis.com/auth/cloudplatformprojects.readonly","https://www.googleapis.com/auth/firebase","openid"]
[debug] [2021-12-30T08:04:47.470Z] >>> HTTP REQUEST POST https://www.googleapis.com/oauth2/v3/token  
 <request body omitted>
[debug] [2021-12-30T08:04:47.613Z] <<< HTTP RESPONSE 200 {"date":"Thu, 30 Dec 2021 08:04:47 GMT","expires":"Mon, 01 Jan 1990 00:00:00 GMT","cache-control":"no-cache, no-store, max-age=0, must-revalidate","pragma":"no-cache","content-type":"application/json; charset=utf-8","vary":"X-Origin, Referer, Origin,Accept-Encoding","server":"scaffolding on HTTPServer2","x-xss-protection":"0","x-frame-options":"SAMEORIGIN","x-content-type-options":"nosniff","alt-svc":"h3=\":443\"; ma=2592000,h3-29=\":443\"; ma=2592000,h3-Q050=\":443\"; ma=2592000,h3-Q046=\":443\"; ma=2592000,h3-Q043=\":443\"; ma=2592000,quic=\":443\"; ma=2592000; v=\"46,43\"","accept-ranges":"none","transfer-encoding":"chunked"}
[debug] [2021-12-30T08:04:47.669Z] >>> HTTP REQUEST POST https://cloudresourcemanager.googleapis.com/v1/projects/sz-bg-app:testIamPermissions  
 {"permissions":["firebase.projects.get","firebasehosting.sites.update"]}
[debug] [2021-12-30T08:04:48.395Z] <<< HTTP RESPONSE 200 {"content-type":"application/json; charset=UTF-8","vary":"X-Origin, Referer, Origin,Accept-Encoding","date":"Thu, 30 Dec 2021 08:04:48 GMT","server":"ESF","cache-control":"private","x-xss-protection":"0","x-frame-options":"SAMEORIGIN","x-content-type-options":"nosniff","server-timing":"gfet4t7; dur=566","alt-svc":"h3=\":443\"; ma=2592000,h3-29=\":443\"; ma=2592000,h3-Q050=\":443\"; ma=2592000,h3-Q046=\":443\"; ma=2592000,h3-Q043=\":443\"; ma=2592000,quic=\":443\"; ma=2592000; v=\"46,43\"","accept-ranges":"none","transfer-encoding":"chunked"}
[debug] [2021-12-30T08:04:48.398Z] > refreshing access token with scopes: []
[debug] [2021-12-30T08:04:48.398Z] >>> HTTP REQUEST POST https://www.googleapis.com/oauth2/v3/token  
 <request body omitted>
[debug] [2021-12-30T08:04:48.507Z] <<< HTTP RESPONSE 200 {"expires":"Mon, 01 Jan 1990 00:00:00 GMT","date":"Thu, 30 Dec 2021 08:04:48 GMT","pragma":"no-cache","cache-control":"no-cache, no-store, max-age=0, must-revalidate","content-type":"application/json; charset=utf-8","vary":"X-Origin, Referer, Origin,Accept-Encoding","server":"scaffolding on HTTPServer2","x-xss-protection":"0","x-frame-options":"SAMEORIGIN","x-content-type-options":"nosniff","alt-svc":"h3=\":443\"; ma=2592000,h3-29=\":443\"; ma=2592000,h3-Q050=\":443\"; ma=2592000,h3-Q046=\":443\"; ma=2592000,h3-Q043=\":443\"; ma=2592000,quic=\":443\"; ma=2592000; v=\"46,43\"","accept-ranges":"none","transfer-encoding":"chunked"}
[debug] [2021-12-30T08:04:48.558Z] >>> [apiv2][query] GET https://firebase.googleapis.com/v1beta1/projects/sz-bg-app [none]
[debug] [2021-12-30T08:04:49.122Z] <<< [apiv2][status] GET https://firebase.googleapis.com/v1beta1/projects/sz-bg-app 200
[debug] [2021-12-30T08:04:49.122Z] <<< [apiv2][body] GET https://firebase.googleapis.com/v1beta1/projects/sz-bg-app {"projectId":"sz-bg-app","projectNumber":"494839939982","displayName":"sz-bg-app","name":"projects/sz-bg-app","resources":{"hostingSite":"sz-bg-app","storageBucket":"sz-bg-app.appspot.com","locationId":"asia-northeast1"},"state":"ACTIVE"}
[info] 
[info] === Deploying to 'sz-bg-app'...
[info] 
[info] i  deploying hosting 
[debug] [2021-12-30T08:04:49.130Z] > refreshing access token with scopes: ["email","https://www.googleapis.com/auth/cloud-platform","https://www.googleapis.com/auth/cloudplatformprojects.readonly","https://www.googleapis.com/auth/firebase","openid"]
[debug] [2021-12-30T08:04:49.130Z] >>> HTTP REQUEST POST https://www.googleapis.com/oauth2/v3/token  
 <request body omitted>
[debug] [2021-12-30T08:04:49.252Z] <<< HTTP RESPONSE 200 {"cache-control":"no-cache, no-store, max-age=0, must-revalidate","pragma":"no-cache","expires":"Mon, 01 Jan 1990 00:00:00 GMT","date":"Thu, 30 Dec 2021 08:04:49 GMT","content-type":"application/json; charset=utf-8","vary":"X-Origin, Referer, Origin,Accept-Encoding","server":"scaffolding on HTTPServer2","x-xss-protection":"0","x-frame-options":"SAMEORIGIN","x-content-type-options":"nosniff","alt-svc":"h3=\":443\"; ma=2592000,h3-29=\":443\"; ma=2592000,h3-Q050=\":443\"; ma=2592000,h3-Q046=\":443\"; ma=2592000,h3-Q043=\":443\"; ma=2592000,quic=\":443\"; ma=2592000; v=\"46,43\"","accept-ranges":"none","transfer-encoding":"chunked"}
[debug] [2021-12-30T08:04:49.299Z] >>> HTTP REQUEST POST https://firebasehosting.googleapis.com/v1beta1/sites/sz-bg-app/versions  
 {"config":{},"labels":{"deployment-tool":"cli-firebase"}}
[debug] [2021-12-30T08:04:50.546Z] <<< HTTP RESPONSE 200 {"content-type":"application/json; charset=UTF-8","vary":"X-Origin, Referer, Origin,Accept-Encoding","date":"Thu, 30 Dec 2021 08:04:50 GMT","server":"ESF","cache-control":"private","x-xss-protection":"0","x-frame-options":"SAMEORIGIN","x-content-type-options":"nosniff","alt-svc":"h3=\":443\"; ma=2592000,h3-29=\":443\"; ma=2592000,h3-Q050=\":443\"; ma=2592000,h3-Q046=\":443\"; ma=2592000,h3-Q043=\":443\"; ma=2592000,quic=\":443\"; ma=2592000; v=\"46,43\"","accept-ranges":"none","transfer-encoding":"chunked"}
[info] i  hosting[sz-bg-app]: beginning deploy... 
[info] i  hosting[sz-bg-app]: found 34 files in out 
[debug] [2021-12-30T08:04:50.620Z] > refreshing access token with scopes: []
[debug] [2021-12-30T08:04:50.620Z] >>> HTTP REQUEST POST https://www.googleapis.com/oauth2/v3/token  
 <request body omitted>
[debug] [2021-12-30T08:04:50.621Z] [hosting] hash cache [b3V0] stored for 34 files
[debug] [2021-12-30T08:04:50.621Z] [hosting][hash queue][FINAL] {"max":41,"min":18,"avg":20.735294117647054,"active":0,"complete":34,"success":34,"errored":0,"retried":0,"total":34,"elapsed":45}
[debug] [2021-12-30T08:04:50.721Z] <<< HTTP RESPONSE 200 {"expires":"Mon, 01 Jan 1990 00:00:00 GMT","cache-control":"no-cache, no-store, max-age=0, must-revalidate","date":"Thu, 30 Dec 2021 08:04:50 GMT","pragma":"no-cache","content-type":"application/json; charset=utf-8","vary":"X-Origin, Referer, Origin,Accept-Encoding","server":"scaffolding on HTTPServer2","x-xss-protection":"0","x-frame-options":"SAMEORIGIN","x-content-type-options":"nosniff","alt-svc":"h3=\":443\"; ma=2592000,h3-29=\":443\"; ma=2592000,h3-Q050=\":443\"; ma=2592000,h3-Q046=\":443\"; ma=2592000,h3-Q043=\":443\"; ma=2592000,quic=\":443\"; ma=2592000; v=\"46,43\"","accept-ranges":"none","transfer-encoding":"chunked"}
[debug] [2021-12-30T08:04:50.764Z] >>> [apiv2][query] POST https://firebasehosting.googleapis.com/v1beta1/sites/sz-bg-app/versions/821519acb1e35289:populateFiles [none]
[debug] [2021-12-30T08:04:50.765Z] >>> [apiv2][body] POST https://firebasehosting.googleapis.com/v1beta1/sites/sz-bg-app/versions/821519acb1e35289:populateFiles {"files":{"/logo-min.png":"4665746a89465cce12ffd569d9ad185b59976fca1caf7e0c389625a100fdc48b","/index.html":"4e795b7857c6121c8017a1aea844cd99d06af01d679de43316fd54d1b984b5ac","/404/index.html":"8057639d0d056f392c8cff1ba0f155312a0d9488dea0f12332212c8a1fb624f7","/_next/static/chunks/651.cd440d205ca10b23.js":"025860866038de4fd713cfb564271fb8e37e35df2f5419ac9864ffc5165c786a","/_next/static/chunks/855-7a3d208a2ef43372.js":"e00ad27495f8d3fe5c8bb49524c89b568971ce0bf18337aac80aa4197ab7677c","/_next/static/chunks/webpack-e279d14bc1fd53c2.js":"65244f963c838b048a343897782881c65e635033011bb9f810fc5e4d02bc4b54","/_next/static/chunks/pages/company-87671c19f5506333.js":"6132a8cccc626ea0ad2bab9e21a25ac14c6e2efd8fc23d179525371a772439ab","/_next/static/chunks/pages/_error-0260c064403af775.js":"fd4d6932654619910161ccee6ac99c8032eb236dbf6261c266d2517d4293a9bc","/_next/static/chunks/pages/_app-6dc7c1ca90ed7869.js":"d5a5c951e90a1752614c4cca681f1d32205588f7384d0c157c46e7f296b4a03b","/_next/static/chunks/pages/disclaimer-e243e56d4df295b9.js":"0f25a2951d190b630a33ca08e1d8a78a98ee010bef5db8aa2902b9779549c760","/_next/static/chunks/pages/running-951c82de98eca087.js":"b4ea288421007c6a74f1b6981a0e13dbbf0e29af216a8bf2a67a21f72934858e","/_next/static/css/204fa921e87edf65.css":"4a4f3c9b5037e4467eb1adb2cead35cae166fe599708292651173fa90825cd2d","/_next/static/chunks/pages/index-0c28f6fd66a174e1.js":"dabf0ed064a1615f21e5cf037ca6cd7026a21759e2fa42b702b223763f22ff4d","/_next/static/css/e214c0196dfce909.css":"138ff62d1f7cd9f1e7db94348759196efa409c3f9b328b88e9fc1b390c7d9747","/_next/static/iebUvOD8x-QokaTAsdjGp/_buildManifest.js":"d52fe30c6c7233c6809908382057bb86e38a74775b87763b68dc664fec3600fb","/_next/static/iebUvOD8x-QokaTAsdjGp/_middlewareManifest.js":"cb7a93452defd0c72b071f37f3178978e27a79559ecc7ab37e2c85245310f853","/_next/static/iebUvOD8x-QokaTAsdjGp/_ssgManifest.js":"5c126729f9831113842c425975615db312fa26d39f3a9e1baa47d4ad65ac2f90","/_next/static/css/4d5fcb55de8699ef.css":"93f69ed71cc7b1fb7d7982035226b9b6a7f470737bbc8d260fa642f455c64a71","/company/index.html":"41978dffca5b01728b8facb707859c063a4f175cd97528e9e87674b62f65c8a7","/running/index.html":"2d631c340575c0c7d728e06485308791968b637ab26f03523b81998295f9104c","/disclaimer/index.html":"f90d0fdae3e69fb20445333c216f828f368e9242c9aaa3b16b66ff47ac033fff","/_next/static/chunks/pages/privacy-policy-b14d12ddaa49badd.js":"216f95b4d8457a151941ad1f96c003c2cbb48ba30afc126b2139152390b338e6","/privacy-policy/index.html":"b910b190d2501e142d6b07e5a026cecb4ed20b49c262392203f0f22ff8f49c4b","/logo.png":"265d3791fa17971590b514c81071aa55362f9c08355b06bc216ea10ec67e0b05","/terms-of-service/index.html":"4580a47d2664fb456a6cd682a89276c21a0ed4022d84bae38495f1abefff53da","/_next/static/chunks/pages/terms-of-service-11a0e07ed5090658.js":"a2200073adfeac532b9da171fabada56a4a30fe54eeb729772203161cd7a4998","/_next/static/chunks/faee2839-607da66a16ea67ec.js":"d9daba0f6f9a63d5c7ce0632bbe42c4ab412fea2096b4446afdcc45304e6e28d","/_next/static/chunks/main-1fa173984c4f81e8.js":"105c4efc4a713b50891245ddce183dd691be24c45312fd36dda5f9e26cf47ed8","/_next/static/chunks/504-2ced88296dcb299b.js":"ddd05ab48795d152a0c37f99f511dc47dee106ff1755e18ada696910631037cc","/_next/static/chunks/polyfills-5cd94c89d3acac5f.js":"1e00f1917a4c0fdb93af61a3ee477a7eb8465a88cb29614f1ca821440a668520","/_next/static/chunks/framework-91d7f78b5b4003c8.js":"2aab9b11c312bfaa994b8a508c4bf8101ca5f983edca63230c419beeeec66adb","/text2.png":"ca1f9b6b5df34aec7c5afbe28a5ed44d1dad1964ec7ec67d520b4bfb581cdfb7","/text3.png":"242bbdf53b17095aeb53410680844f1ed71b8fd9124b4df3c5237f005f1b96f8","/text.png":"b385365652fe5c6e311e2d603c6c409ab488fcce51c124f78a0cddab35bcc90e"}}
[debug] [2021-12-30T08:04:51.790Z] <<< [apiv2][status] POST https://firebasehosting.googleapis.com/v1beta1/sites/sz-bg-app/versions/821519acb1e35289:populateFiles 200
[debug] [2021-12-30T08:04:51.790Z] <<< [apiv2][body] POST https://firebasehosting.googleapis.com/v1beta1/sites/sz-bg-app/versions/821519acb1e35289:populateFiles {"uploadRequiredHashes":["65244f963c838b048a343897782881c65e635033011bb9f810fc5e4d02bc4b54","8057639d0d056f392c8cff1ba0f155312a0d9488dea0f12332212c8a1fb624f7","e00ad27495f8d3fe5c8bb49524c89b568971ce0bf18337aac80aa4197ab7677c","93f69ed71cc7b1fb7d7982035226b9b6a7f470737bbc8d260fa642f455c64a71","4e795b7857c6121c8017a1aea844cd99d06af01d679de43316fd54d1b984b5ac","f90d0fdae3e69fb20445333c216f828f368e9242c9aaa3b16b66ff47ac033fff","0f25a2951d190b630a33ca08e1d8a78a98ee010bef5db8aa2902b9779549c760","41978dffca5b01728b8facb707859c063a4f175cd97528e9e87674b62f65c8a7","d52fe30c6c7233c6809908382057bb86e38a74775b87763b68dc664fec3600fb","b910b190d2501e142d6b07e5a026cecb4ed20b49c262392203f0f22ff8f49c4b","6132a8cccc626ea0ad2bab9e21a25ac14c6e2efd8fc23d179525371a772439ab","a2200073adfeac532b9da171fabada56a4a30fe54eeb729772203161cd7a4998","2d631c340575c0c7d728e06485308791968b637ab26f03523b81998295f9104c","dabf0ed064a1615f21e5cf037ca6cd7026a21759e2fa42b702b223763f22ff4d","138ff62d1f7cd9f1e7db94348759196efa409c3f9b328b88e9fc1b390c7d9747","216f95b4d8457a151941ad1f96c003c2cbb48ba30afc126b2139152390b338e6","b4ea288421007c6a74f1b6981a0e13dbbf0e29af216a8bf2a67a21f72934858e","4580a47d2664fb456a6cd682a89276c21a0ed4022d84bae38495f1abefff53da"],"uploadUrl":"https://upload-firebasehosting.googleapis.com/upload/sites/sz-bg-app/versions/821519acb1e35289/files"}
[debug] [2021-12-30T08:04:51.797Z] >>> [apiv2][query] POST https://upload-firebasehosting.googleapis.com/upload/sites/sz-bg-app/versions/821519acb1e35289/files/65244f963c838b048a343897782881c65e635033011bb9f810fc5e4d02bc4b54 [none]
[debug] [2021-12-30T08:04:51.797Z] >>> [apiv2][body] POST https://upload-firebasehosting.googleapis.com/upload/sites/sz-bg-app/versions/821519acb1e35289/files/65244f963c838b048a343897782881c65e635033011bb9f810fc5e4d02bc4b54 [stream]
[debug] [2021-12-30T08:04:51.799Z] >>> [apiv2][query] POST https://upload-firebasehosting.googleapis.com/upload/sites/sz-bg-app/versions/821519acb1e35289/files/8057639d0d056f392c8cff1ba0f155312a0d9488dea0f12332212c8a1fb624f7 [none]
[debug] [2021-12-30T08:04:51.799Z] >>> [apiv2][body] POST https://upload-firebasehosting.googleapis.com/upload/sites/sz-bg-app/versions/821519acb1e35289/files/8057639d0d056f392c8cff1ba0f155312a0d9488dea0f12332212c8a1fb624f7 [stream]
[debug] [2021-12-30T08:04:51.805Z] >>> [apiv2][query] POST https://upload-firebasehosting.googleapis.com/upload/sites/sz-bg-app/versions/821519acb1e35289/files/e00ad27495f8d3fe5c8bb49524c89b568971ce0bf18337aac80aa4197ab7677c [none]
[debug] [2021-12-30T08:04:51.805Z] >>> [apiv2][body] POST https://upload-firebasehosting.googleapis.com/upload/sites/sz-bg-app/versions/821519acb1e35289/files/e00ad27495f8d3fe5c8bb49524c89b568971ce0bf18337aac80aa4197ab7677c [stream]
[debug] [2021-12-30T08:04:51.806Z] >>> [apiv2][query] POST https://upload-firebasehosting.googleapis.com/upload/sites/sz-bg-app/versions/821519acb1e35289/files/93f69ed71cc7b1fb7d7982035226b9b6a7f470737bbc8d260fa642f455c64a71 [none]
[debug] [2021-12-30T08:04:51.807Z] >>> [apiv2][body] POST https://upload-firebasehosting.googleapis.com/upload/sites/sz-bg-app/versions/821519acb1e35289/files/93f69ed71cc7b1fb7d7982035226b9b6a7f470737bbc8d260fa642f455c64a71 [stream]
[debug] [2021-12-30T08:04:51.808Z] >>> [apiv2][query] POST https://upload-firebasehosting.googleapis.com/upload/sites/sz-bg-app/versions/821519acb1e35289/files/4e795b7857c6121c8017a1aea844cd99d06af01d679de43316fd54d1b984b5ac [none]
[debug] [2021-12-30T08:04:51.808Z] >>> [apiv2][body] POST https://upload-firebasehosting.googleapis.com/upload/sites/sz-bg-app/versions/821519acb1e35289/files/4e795b7857c6121c8017a1aea844cd99d06af01d679de43316fd54d1b984b5ac [stream]
[debug] [2021-12-30T08:04:51.809Z] >>> [apiv2][query] POST https://upload-firebasehosting.googleapis.com/upload/sites/sz-bg-app/versions/821519acb1e35289/files/f90d0fdae3e69fb20445333c216f828f368e9242c9aaa3b16b66ff47ac033fff [none]
[debug] [2021-12-30T08:04:51.809Z] >>> [apiv2][body] POST https://upload-firebasehosting.googleapis.com/upload/sites/sz-bg-app/versions/821519acb1e35289/files/f90d0fdae3e69fb20445333c216f828f368e9242c9aaa3b16b66ff47ac033fff [stream]
[debug] [2021-12-30T08:04:51.810Z] >>> [apiv2][query] POST https://upload-firebasehosting.googleapis.com/upload/sites/sz-bg-app/versions/821519acb1e35289/files/0f25a2951d190b630a33ca08e1d8a78a98ee010bef5db8aa2902b9779549c760 [none]
[debug] [2021-12-30T08:04:51.810Z] >>> [apiv2][body] POST https://upload-firebasehosting.googleapis.com/upload/sites/sz-bg-app/versions/821519acb1e35289/files/0f25a2951d190b630a33ca08e1d8a78a98ee010bef5db8aa2902b9779549c760 [stream]
[debug] [2021-12-30T08:04:51.811Z] >>> [apiv2][query] POST https://upload-firebasehosting.googleapis.com/upload/sites/sz-bg-app/versions/821519acb1e35289/files/41978dffca5b01728b8facb707859c063a4f175cd97528e9e87674b62f65c8a7 [none]
[debug] [2021-12-30T08:04:51.811Z] >>> [apiv2][body] POST https://upload-firebasehosting.googleapis.com/upload/sites/sz-bg-app/versions/821519acb1e35289/files/41978dffca5b01728b8facb707859c063a4f175cd97528e9e87674b62f65c8a7 [stream]
[debug] [2021-12-30T08:04:51.812Z] >>> [apiv2][query] POST https://upload-firebasehosting.googleapis.com/upload/sites/sz-bg-app/versions/821519acb1e35289/files/d52fe30c6c7233c6809908382057bb86e38a74775b87763b68dc664fec3600fb [none]
[debug] [2021-12-30T08:04:51.812Z] >>> [apiv2][body] POST https://upload-firebasehosting.googleapis.com/upload/sites/sz-bg-app/versions/821519acb1e35289/files/d52fe30c6c7233c6809908382057bb86e38a74775b87763b68dc664fec3600fb [stream]
[debug] [2021-12-30T08:04:51.813Z] >>> [apiv2][query] POST https://upload-firebasehosting.googleapis.com/upload/sites/sz-bg-app/versions/821519acb1e35289/files/b910b190d2501e142d6b07e5a026cecb4ed20b49c262392203f0f22ff8f49c4b [none]
[debug] [2021-12-30T08:04:51.813Z] >>> [apiv2][body] POST https://upload-firebasehosting.googleapis.com/upload/sites/sz-bg-app/versions/821519acb1e35289/files/b910b190d2501e142d6b07e5a026cecb4ed20b49c262392203f0f22ff8f49c4b [stream]
[debug] [2021-12-30T08:04:51.814Z] >>> [apiv2][query] POST https://upload-firebasehosting.googleapis.com/upload/sites/sz-bg-app/versions/821519acb1e35289/files/6132a8cccc626ea0ad2bab9e21a25ac14c6e2efd8fc23d179525371a772439ab [none]
[debug] [2021-12-30T08:04:51.814Z] >>> [apiv2][body] POST https://upload-firebasehosting.googleapis.com/upload/sites/sz-bg-app/versions/821519acb1e35289/files/6132a8cccc626ea0ad2bab9e21a25ac14c6e2efd8fc23d179525371a772439ab [stream]
[debug] [2021-12-30T08:04:51.815Z] >>> [apiv2][query] POST https://upload-firebasehosting.googleapis.com/upload/sites/sz-bg-app/versions/821519acb1e35289/files/a2200073adfeac532b9da171fabada56a4a30fe54eeb729772203161cd7a4998 [none]
[debug] [2021-12-30T08:04:51.815Z] >>> [apiv2][body] POST https://upload-firebasehosting.googleapis.com/upload/sites/sz-bg-app/versions/821519acb1e35289/files/a2200073adfeac532b9da171fabada56a4a30fe54eeb729772203161cd7a4998 [stream]
[debug] [2021-12-30T08:04:51.816Z] >>> [apiv2][query] POST https://upload-firebasehosting.googleapis.com/upload/sites/sz-bg-app/versions/821519acb1e35289/files/2d631c340575c0c7d728e06485308791968b637ab26f03523b81998295f9104c [none]
[debug] [2021-12-30T08:04:51.816Z] >>> [apiv2][body] POST https://upload-firebasehosting.googleapis.com/upload/sites/sz-bg-app/versions/821519acb1e35289/files/2d631c340575c0c7d728e06485308791968b637ab26f03523b81998295f9104c [stream]
[debug] [2021-12-30T08:04:51.816Z] >>> [apiv2][query] POST https://upload-firebasehosting.googleapis.com/upload/sites/sz-bg-app/versions/821519acb1e35289/files/dabf0ed064a1615f21e5cf037ca6cd7026a21759e2fa42b702b223763f22ff4d [none]
[debug] [2021-12-30T08:04:51.816Z] >>> [apiv2][body] POST https://upload-firebasehosting.googleapis.com/upload/sites/sz-bg-app/versions/821519acb1e35289/files/dabf0ed064a1615f21e5cf037ca6cd7026a21759e2fa42b702b223763f22ff4d [stream]
[debug] [2021-12-30T08:04:51.817Z] >>> [apiv2][query] POST https://upload-firebasehosting.googleapis.com/upload/sites/sz-bg-app/versions/821519acb1e35289/files/138ff62d1f7cd9f1e7db94348759196efa409c3f9b328b88e9fc1b390c7d9747 [none]
[debug] [2021-12-30T08:04:51.817Z] >>> [apiv2][body] POST https://upload-firebasehosting.googleapis.com/upload/sites/sz-bg-app/versions/821519acb1e35289/files/138ff62d1f7cd9f1e7db94348759196efa409c3f9b328b88e9fc1b390c7d9747 [stream]
[debug] [2021-12-30T08:04:51.818Z] >>> [apiv2][query] POST https://upload-firebasehosting.googleapis.com/upload/sites/sz-bg-app/versions/821519acb1e35289/files/216f95b4d8457a151941ad1f96c003c2cbb48ba30afc126b2139152390b338e6 [none]
[debug] [2021-12-30T08:04:51.818Z] >>> [apiv2][body] POST https://upload-firebasehosting.googleapis.com/upload/sites/sz-bg-app/versions/821519acb1e35289/files/216f95b4d8457a151941ad1f96c003c2cbb48ba30afc126b2139152390b338e6 [stream]
[debug] [2021-12-30T08:04:51.818Z] >>> [apiv2][query] POST https://upload-firebasehosting.googleapis.com/upload/sites/sz-bg-app/versions/821519acb1e35289/files/b4ea288421007c6a74f1b6981a0e13dbbf0e29af216a8bf2a67a21f72934858e [none]
[debug] [2021-12-30T08:04:51.819Z] >>> [apiv2][body] POST https://upload-firebasehosting.googleapis.com/upload/sites/sz-bg-app/versions/821519acb1e35289/files/b4ea288421007c6a74f1b6981a0e13dbbf0e29af216a8bf2a67a21f72934858e [stream]
[debug] [2021-12-30T08:04:51.819Z] >>> [apiv2][query] POST https://upload-firebasehosting.googleapis.com/upload/sites/sz-bg-app/versions/821519acb1e35289/files/4580a47d2664fb456a6cd682a89276c21a0ed4022d84bae38495f1abefff53da [none]
[debug] [2021-12-30T08:04:51.819Z] >>> [apiv2][body] POST https://upload-firebasehosting.googleapis.com/upload/sites/sz-bg-app/versions/821519acb1e35289/files/4580a47d2664fb456a6cd682a89276c21a0ed4022d84bae38495f1abefff53da [stream]
[debug] [2021-12-30T08:04:51.820Z] [hosting][populate queue][FINAL] {"max":1177,"min":1177,"avg":1177,"active":0,"complete":1,"success":1,"errored":0,"retried":0,"total":1,"elapsed":1200}
[debug] [2021-12-30T08:04:51.820Z] [hosting] uploads queued: 18
